2025-02-05 20:11:57,137 - INFO - Extrayendo datos de AAPL desde Alpha Vantage...
2025-02-05 20:11:57,652 - INFO - Datos de AAPL extraídos correctamente. Registros obtenidos: 100
2025-02-05 20:12:12,660 - INFO - Extrayendo datos de TSLA desde Alpha Vantage...
2025-02-05 20:12:13,174 - INFO - Datos de TSLA extraídos correctamente. Registros obtenidos: 100
2025-02-05 20:12:28,178 - INFO - Extrayendo datos de AMZN desde Alpha Vantage...
2025-02-05 20:12:28,730 - INFO - Datos de AMZN extraídos correctamente. Registros obtenidos: 100
2025-02-05 20:12:43,757 - INFO - Extrayendo datos de GOOGL desde Alpha Vantage...
2025-02-05 20:12:44,134 - INFO - Datos de GOOGL extraídos correctamente. Registros obtenidos: 100
2025-02-05 20:12:59,141 - INFO - Extrayendo datos de MSFT desde Alpha Vantage...
2025-02-05 20:12:59,670 - INFO - Datos de MSFT extraídos correctamente. Registros obtenidos: 100
2025-02-05 20:13:14,705 - INFO - Datos financieros guardados en '/Users/milene/Desktop/MAESTRIA CIENCIA DE DATOS/7. INGENIERIA DE DATOS/PROYECTO FINAL/Datos_financieros.csv'
2025-02-06 00:00:07,113 - INFO - Extrayendo datos de AAPL desde Alpha Vantage...
2025-02-06 00:00:09,361 - INFO - Datos de AAPL extraídos correctamente. Registros obtenidos: 100
2025-02-06 00:00:24,437 - INFO - Extrayendo datos de TSLA desde Alpha Vantage...
2025-02-06 00:00:24,881 - INFO - Datos de TSLA extraídos correctamente. Registros obtenidos: 100
2025-02-06 00:00:39,954 - INFO - Extrayendo datos de AMZN desde Alpha Vantage...
2025-02-06 00:00:40,636 - INFO - Datos de AMZN extraídos correctamente. Registros obtenidos: 100
2025-02-06 00:00:55,711 - INFO - Extrayendo datos de GOOGL desde Alpha Vantage...
2025-02-06 00:00:56,317 - INFO - Datos de GOOGL extraídos correctamente. Registros obtenidos: 100
2025-02-06 00:01:11,394 - INFO - Extrayendo datos de MSFT desde Alpha Vantage...
2025-02-06 00:01:11,685 - INFO - Datos de MSFT extraídos correctamente. Registros obtenidos: 100
2025-02-06 00:01:26,781 - INFO - Datos financieros guardados en '/Users/milene/Desktop/MAESTRIA CIENCIA DE DATOS/7. INGENIERIA DE DATOS/PROYECTO FINAL/Datos_financieros.csv'
2025-02-07 11:23:15,532 - INFO - Extrayendo datos de AAPL desde Alpha Vantage...
2025-02-07 11:23:16,178 - INFO - Datos de AAPL extraídos correctamente. Registros obtenidos: 100
2025-02-07 11:23:31,181 - INFO - Extrayendo datos de TSLA desde Alpha Vantage...
2025-02-07 11:23:32,081 - INFO - Datos de TSLA extraídos correctamente. Registros obtenidos: 100
2025-02-07 11:23:47,088 - INFO - Extrayendo datos de AMZN desde Alpha Vantage...
2025-02-07 11:23:47,972 - INFO - Datos de AMZN extraídos correctamente. Registros obtenidos: 100
2025-02-07 11:24:02,980 - INFO - Extrayendo datos de GOOGL desde Alpha Vantage...
2025-02-07 11:24:03,860 - INFO - Datos de GOOGL extraídos correctamente. Registros obtenidos: 100
2025-02-07 11:24:18,865 - INFO - Extrayendo datos de MSFT desde Alpha Vantage...
2025-02-07 11:24:19,456 - INFO - Datos de MSFT extraídos correctamente. Registros obtenidos: 100
2025-02-07 11:24:34,471 - INFO - Datos financieros guardados en '/Users/milene/Desktop/MAESTRIA CIENCIA DE DATOS/7. INGENIERIA DE DATOS/PROYECTO FINAL/Datos_financieros.csv'
2025-02-08 00:00:03,922 - INFO - Extrayendo datos de AAPL desde Alpha Vantage...
2025-02-08 00:00:06,895 - INFO - Datos de AAPL extraídos correctamente. Registros obtenidos: 100
2025-02-08 00:00:21,925 - INFO - Extrayendo datos de TSLA desde Alpha Vantage...
2025-02-08 00:00:22,524 - INFO - Datos de TSLA extraídos correctamente. Registros obtenidos: 100
2025-02-08 00:00:37,592 - INFO - Extrayendo datos de AMZN desde Alpha Vantage...
2025-02-08 00:00:38,237 - INFO - Datos de AMZN extraídos correctamente. Registros obtenidos: 100
2025-02-08 00:00:53,293 - INFO - Extrayendo datos de GOOGL desde Alpha Vantage...
2025-02-08 00:00:53,566 - INFO - Datos de GOOGL extraídos correctamente. Registros obtenidos: 100
2025-02-08 00:01:08,640 - INFO - Extrayendo datos de MSFT desde Alpha Vantage...
2025-02-08 00:01:09,092 - INFO - Datos de MSFT extraídos correctamente. Registros obtenidos: 100
2025-02-08 00:01:24,191 - INFO - Datos financieros guardados en '/Users/milene/Desktop/MAESTRIA CIENCIA DE DATOS/7. INGENIERIA DE DATOS/PROYECTO FINAL/Datos_financieros.csv'
